Build started 12/14/2016 7:31:02 PM.
     1>Project "C:\Users\y_sam\Desktop\Projects\OpenGl\Survival-Key-OpenGL-Game\OpenGLMeshLoader.vcxproj" on node 2 (Build target(s)).
     1>ClCompile:
         C:\Program Files (x86)\Microsoft Visual Studio 12.0\VC\bin\CL.exe /c /I"C:\Users\y_sam\Desktop\Projects\OpenGl\Survival-Key-OpenGL-Game\Debug\\.." /ZI /nologo /W3 /WX- /Od /Oy- /D WIN32 /D _DEBUG /D _CONSOLE /D _MBCS /Gm /EHsc /RTC1 /MDd /GS /fp:precise /Zc:wchar_t /Zc:forScope /Fo"Debug\\" /Fd"Debug\vc120.pdb" /Gd /TP /analyze- /errorReport:prompt GLTexture.cpp Model_3DS.cpp Main.cpp
         Main.cpp
     1>c:\users\y_sam\desktop\projects\opengl\survival-key-opengl-game\texturebuilder.h(27): warning C4244: 'argument' : conversion from 'int' to 'GLfloat', possible loss of data
     1>c:\users\y_sam\desktop\projects\opengl\survival-key-opengl-game\texturebuilder.h(28): warning C4244: 'argument' : conversion from 'int' to 'GLfloat', possible loss of data
         Model_3DS.cpp
         c:\users\y_sam\desktop\projects\opengl\survival-key-opengl-game\model_3ds.cpp(78) : You need to uncomment this if you are using MFC
         
     1>c:\users\y_sam\desktop\projects\opengl\survival-key-opengl-game\model_3ds.cpp(182): warning C4996: 'strtok': This function or variable may be unsafe. Consider using strtok_s instead. To disable deprecation, use _CRT_SECURE_NO_WARNINGS. See online help for details.
                 c:\program files (x86)\microsoft visual studio 12.0\vc\include\string.h(204) : see declaration of 'strtok'
     1>c:\users\y_sam\desktop\projects\opengl\survival-key-opengl-game\model_3ds.cpp(212): warning C4996: 'fopen': This function or variable may be unsafe. Consider using fopen_s instead. To disable deprecation, use _CRT_SECURE_NO_WARNINGS. See online help for details.
                 c:\program files (x86)\microsoft visual studio 12.0\vc\include\stdio.h(211) : see declaration of 'fopen'
     1>c:\users\y_sam\desktop\projects\opengl\survival-key-opengl-game\model_3ds.cpp(764): warning C4996: 'sprintf': This function or variable may be unsafe. Consider using sprintf_s instead. To disable deprecation, use _CRT_SECURE_NO_WARNINGS. See online help for details.
                 c:\program files (x86)\microsoft visual studio 12.0\vc\include\stdio.h(356) : see declaration of 'sprintf'
         GLTexture.cpp
     1>c:\users\y_sam\desktop\projects\opengl\survival-key-opengl-game\gltexture.cpp(61): warning C4996: '_strlwr': This function or variable may be unsafe. Consider using _strlwr_s instead. To disable deprecation, use _CRT_SECURE_NO_WARNINGS. See online help for details.
                 c:\program files (x86)\microsoft visual studio 12.0\vc\include\string.h(175) : see declaration of '_strlwr'
     1>c:\users\y_sam\desktop\projects\opengl\survival-key-opengl-game\gltexture.cpp(65): warning C4996: 'strtok': This function or variable may be unsafe. Consider using strtok_s instead. To disable deprecation, use _CRT_SECURE_NO_WARNINGS. See online help for details.
                 c:\program files (x86)\microsoft visual studio 12.0\vc\include\string.h(204) : see declaration of 'strtok'
     1>c:\users\y_sam\desktop\projects\opengl\survival-key-opengl-game\gltexture.cpp(77): warning C4996: '_strlwr': This function or variable may be unsafe. Consider using _strlwr_s instead. To disable deprecation, use _CRT_SECURE_NO_WARNINGS. See online help for details.
                 c:\program files (x86)\microsoft visual studio 12.0\vc\include\string.h(175) : see declaration of '_strlwr'
     1>c:\users\y_sam\desktop\projects\opengl\survival-key-opengl-game\gltexture.cpp(146): warning C4996: 'fopen': This function or variable may be unsafe. Consider using fopen_s instead. To disable deprecation, use _CRT_SECURE_NO_WARNINGS. See online help for details.
                 c:\program files (x86)\microsoft visual studio 12.0\vc\include\stdio.h(211) : see declaration of 'fopen'
         Generating Code...
       Link:
         C:\Program Files (x86)\Microsoft Visual Studio 12.0\VC\bin\link.exe /ERRORREPORT:PROMPT /OUT:"C:\Users\y_sam\Desktop\Projects\OpenGl\Survival-Key-OpenGL-Game\Debug\OpenGLMeshLoader.exe" /INCREMENTAL:NO /NOLOGO /LIBPATH:"C:\Users\y_sam\Desktop\Projects\OpenGl\Survival-Key-OpenGL-Game\Debug\\.." glut32.lib kernel32.lib user32.lib gdi32.lib winspool.lib comdlg32.lib advapi32.lib shell32.lib ole32.lib oleaut32.lib uuid.lib odbc32.lib odbccp32.lib /MANIFEST /MANIFESTUAC:"level='asInvoker' uiAccess='false'" /manifest:embed /DEBUG /PDB:"C:\Users\y_sam\Desktop\Projects\OpenGl\Survival-Key-OpenGL-Game\Debug\OpenGLMeshLoader.pdb" /SUBSYSTEM:CONSOLE /TLBID:1 /DYNAMICBASE /NXCOMPAT /IMPLIB:"C:\Users\y_sam\Desktop\Projects\OpenGl\Survival-Key-OpenGL-Game\Debug\OpenGLMeshLoader.lib" /MACHINE:X86 Debug\GLTexture.obj
         Debug\Model_3DS.obj
         Debug\Main.obj
     1>GLTexture.obj : warning LNK4075: ignoring '/EDITANDCONTINUE' due to '/OPT:LBR' specification
         OpenGLMeshLoader.vcxproj -> C:\Users\y_sam\Desktop\Projects\OpenGl\Survival-Key-OpenGL-Game\Debug\OpenGLMeshLoader.exe
     1>Done Building Project "C:\Users\y_sam\Desktop\Projects\OpenGl\Survival-Key-OpenGL-Game\OpenGLMeshLoader.vcxproj" (Build target(s)).

Build succeeded.

Time Elapsed 00:00:02.25
