c:\users\anwar\dropbox\guc\semester 7\graphics\project\openglmeshloader\debug\vc140.pdb
c:\users\anwar\dropbox\guc\semester 7\graphics\project\openglmeshloader\debug\vc140.idb
c:\users\anwar\dropbox\guc\semester 7\graphics\project\openglmeshloader\debug\gltexture.obj
c:\users\anwar\dropbox\guc\semester 7\graphics\project\openglmeshloader\debug\model_3ds.obj
c:\users\anwar\dropbox\guc\semester 7\graphics\project\openglmeshloader\debug\openglmeshloader.obj
c:\users\anwar\dropbox\guc\semester 7\graphics\project\openglmeshloader\debug\openglmeshloader.exe
c:\users\anwar\dropbox\guc\semester 7\graphics\project\openglmeshloader\debug\openglmeshloader.pdb
g:\survival-key-opengl-game\debug\gltexture.obj
g:\survival-key-opengl-game\debug\model_3ds.obj
g:\survival-key-opengl-game\debug\openglmeshloader.obj
g:\survival-key-opengl-game\debug\vc140.idb
g:\survival-key-opengl-game\debug\openglmeshloader.pdb
g:\survival-key-opengl-game\debug\vc140.pdb
g:\survival-key-opengl-game\debug\openglmeshloader.exe
g:\survival-key-opengl-game\debug\openglmeshloader.tlog\cl.command.1.tlog
g:\survival-key-opengl-game\debug\openglmeshloader.tlog\cl.read.1.tlog
g:\survival-key-opengl-game\debug\openglmeshloader.tlog\cl.write.1.tlog
g:\survival-key-opengl-game\debug\openglmeshloader.tlog\link.command.1.tlog
g:\survival-key-opengl-game\debug\openglmeshloader.tlog\link.read.1.tlog
g:\survival-key-opengl-game\debug\openglmeshloader.tlog\link.write.1.tlog
